Streaming transaction logs mentioning CaCJAg3ifFiGyVKYxZr4QwH2R9RvrDiVEgPntzXhXVP3. Confirmed commitment
Transaction executed in slot 59:
  Signature: 53kKzYN7q6WRi5pFUPePJCX63k7M2GC1vWe6ASDBU95yM4peh56Fd7uCtnw4isECzjSHLTJ1ptk2czgwTZaX4Yb3
  Status: Ok
  Log Messages:
    Program CaCJAg3ifFiGyVKYxZr4QwH2R9RvrDiVEgPntzXhXVP3 invoke [1]
    Program log: Instruction: CreateGovernance
    Program 11111111111111111111111111111111 invoke [2]
    Program 11111111111111111111111111111111 success
    Program CaCJAg3ifFiGyVKYxZr4QwH2R9RvrDiVEgPntzXhXVP3 consumed 7765 of 200000 compute units
    Program CaCJAg3ifFiGyVKYxZr4QwH2R9RvrDiVEgPntzXhXVP3 success
Transaction executed in slot 61:
  Signature: 58uYEFv8kAkisfhoggKyE9qNvMEhz8H7vnWyTqj9UzReWnASyrMCaEcuH3vGhgazvn2pjpmsqZTa4aeDV6WfE7wp
  Status: Ok
  Log Messages:
    Program CaCJAg3ifFiGyVKYxZr4QwH2R9RvrDiVEgPntzXhXVP3 invoke [1]
    Program log: Instruction: Join
    Program 11111111111111111111111111111111 invoke [2]
    Program 11111111111111111111111111111111 success
    Program CaCJAg3ifFiGyVKYxZr4QwH2R9RvrDiVEgPntzXhXVP3 consumed 7284 of 200000 compute units
    Program CaCJAg3ifFiGyVKYxZr4QwH2R9RvrDiVEgPntzXhXVP3 success
Transaction executed in slot 62:
  Signature: 4Wo5iXTHCo5jNoj5iAKzfiGVgHok2w6oBxapkdg7xR9eWBR19xET6RREMHVGqqLScvvQ4WpxBVnXgPXvFqQRTQXG
  Status: Ok
  Log Messages:
    Program CaCJAg3ifFiGyVKYxZr4QwH2R9RvrDiVEgPntzXhXVP3 invoke [1]
    Program log: Instruction: CreateProposal
    Program 11111111111111111111111111111111 invoke [2]
    Program 11111111111111111111111111111111 success
    Program CaCJAg3ifFiGyVKYxZr4QwH2R9RvrDiVEgPntzXhXVP3 consumed 9465 of 200000 compute units
    Program CaCJAg3ifFiGyVKYxZr4QwH2R9RvrDiVEgPntzXhXVP3 success
Transaction executed in slot 63:
  Signature: 3ymLPrvCzEuvLsMVUUFwkvWp852iUKoqGFjqqzrEyYFG1qdXR9ZooEg9qi47s7NkuSQxedrMryR7Aw6Bu1cRKmaq
  Status: Ok
  Log Messages:
    Program CaCJAg3ifFiGyVKYxZr4QwH2R9RvrDiVEgPntzXhXVP3 invoke [1]
    Program log: Instruction: StartVote
    Program CaCJAg3ifFiGyVKYxZr4QwH2R9RvrDiVEgPntzXhXVP3 consumed 2528 of 200000 compute units
    Program CaCJAg3ifFiGyVKYxZr4QwH2R9RvrDiVEgPntzXhXVP3 success
Transaction executed in slot 64:
  Signature: 31vC2ie25uv6D22XHB3g9ibbEiEor6sPWvhmxq9monjxSwqKc3nWDUiCsR35SkLTrpt9Pm6wXgJHKr2x4t3ydqf9
  Status: Ok
  Log Messages:
    Program CaCJAg3ifFiGyVKYxZr4QwH2R9RvrDiVEgPntzXhXVP3 invoke [1]
    Program log: Instruction: CommitVote
    Program 11111111111111111111111111111111 invoke [2]
    Program 11111111111111111111111111111111 success
    Program CaCJAg3ifFiGyVKYxZr4QwH2R9RvrDiVEgPntzXhXVP3 consumed 10926 of 200000 compute units
    Program CaCJAg3ifFiGyVKYxZr4QwH2R9RvrDiVEgPntzXhXVP3 success
Transaction executed in slot 66:
  Signature: kxu5KJXUMHdPKBBadSvtPBdLfp57WAeSyJT4jvZagNnFVMze1ShGpWXXSKWZGYKZdHPdywZRh8H6Co5B54ii9qx
  Status: Ok
  Log Messages:
    Program CaCJAg3ifFiGyVKYxZr4QwH2R9RvrDiVEgPntzXhXVP3 invoke [1]
    Program log: Instruction: CreateGovernance
    Program 11111111111111111111111111111111 invoke [2]
    Program 11111111111111111111111111111111 success
    Program CaCJAg3ifFiGyVKYxZr4QwH2R9RvrDiVEgPntzXhXVP3 consumed 7708 of 200000 compute units
    Program CaCJAg3ifFiGyVKYxZr4QwH2R9RvrDiVEgPntzXhXVP3 success
Transaction executed in slot 67:
  Signature: 2iVpMaiwYDZRi6j4oEQktgGwpizyCfLMghGqTijSCcCyT3bFBTqzWhuiXsKV5mNDKQGWgUiYmvpFrBKTm8zgNLYz
  Status: Ok
  Log Messages:
    Program CaCJAg3ifFiGyVKYxZr4QwH2R9RvrDiVEgPntzXhXVP3 invoke [1]
    Program log: Instruction: CreateGovernance
    Program 11111111111111111111111111111111 invoke [2]
    Program 11111111111111111111111111111111 success
    Program CaCJAg3ifFiGyVKYxZr4QwH2R9RvrDiVEgPntzXhXVP3 consumed 9265 of 200000 compute units
    Program CaCJAg3ifFiGyVKYxZr4QwH2R9RvrDiVEgPntzXhXVP3 success
Transaction executed in slot 68:
  Signature: 3vfmkNbDwi21MZ8uUkJ43qLJSJLYmBLpRGgq6QQ2KVamv9qv5iKwerkSfGM6PLf5Ta8eDTUcP1BvNGnNjUx1Cd1T
  Status: Ok
  Log Messages:
    Program CaCJAg3ifFiGyVKYxZr4QwH2R9RvrDiVEgPntzXhXVP3 invoke [1]
    Program log: Instruction: Join
    Program 11111111111111111111111111111111 invoke [2]
    Program 11111111111111111111111111111111 success
    Program CaCJAg3ifFiGyVKYxZr4QwH2R9RvrDiVEgPntzXhXVP3 consumed 7284 of 200000 compute units
    Program CaCJAg3ifFiGyVKYxZr4QwH2R9RvrDiVEgPntzXhXVP3 success
Transaction executed in slot 69:
  Signature: 4TnKqMKEy5JBqfpgb6k5u6qCipG1pT2FcLJdoFU4Ywro9sAZuv42g4BG3gwZHgH64tgE3E3hoWBjwgEPcKonP9JH
  Status: Ok
  Log Messages:
    Program CaCJAg3ifFiGyVKYxZr4QwH2R9RvrDiVEgPntzXhXVP3 invoke [1]
    Program log: Instruction: CreateProposal
    Program 11111111111111111111111111111111 invoke [2]
    Program 11111111111111111111111111111111 success
    Program CaCJAg3ifFiGyVKYxZr4QwH2R9RvrDiVEgPntzXhXVP3 consumed 10948 of 200000 compute units
    Program CaCJAg3ifFiGyVKYxZr4QwH2R9RvrDiVEgPntzXhXVP3 success
Transaction executed in slot 71:
  Signature: 589scVQU4njVz6FFty4SRCTboAUAdcDpsmfg4hkfoiMXY4it1sua7Ae8oCerqkYE4yYWWsx23aiEGQ33RxnFQtxB
  Status: Ok
  Log Messages:
    Program CaCJAg3ifFiGyVKYxZr4QwH2R9RvrDiVEgPntzXhXVP3 invoke [1]
    Program log: Instruction: CreateGovernance
    Program 11111111111111111111111111111111 invoke [2]
    Program 11111111111111111111111111111111 success
    Program CaCJAg3ifFiGyVKYxZr4QwH2R9RvrDiVEgPntzXhXVP3 consumed 9265 of 200000 compute units
    Program CaCJAg3ifFiGyVKYxZr4QwH2R9RvrDiVEgPntzXhXVP3 success
Transaction executed in slot 72:
  Signature: gyUdbeMW6qSvQDcWd8QQzyHhye8M4Ns6JMHbkHGr53Nzrv9cv22Hww8ybv6BxGV2QTJihECnYjxA6fQnrGit1G1
  Status: Ok
  Log Messages:
    Program CaCJAg3ifFiGyVKYxZr4QwH2R9RvrDiVEgPntzXhXVP3 invoke [1]
    Program log: Instruction: Join
    Program 11111111111111111111111111111111 invoke [2]
    Program 11111111111111111111111111111111 success
    Program CaCJAg3ifFiGyVKYxZr4QwH2R9RvrDiVEgPntzXhXVP3 consumed 14784 of 200000 compute units
    Program CaCJAg3ifFiGyVKYxZr4QwH2R9RvrDiVEgPntzXhXVP3 success
Transaction executed in slot 73:
  Signature: 4keJFYRj3kmK7YZx3QvSY6YDNofPXEM2MavvAp1EcvLEeyM9HNX2s9WyQqEijPzNnH6KXbq2Hd2Vm8t4NamoSzqW
  Status: Ok
  Log Messages:
    Program CaCJAg3ifFiGyVKYxZr4QwH2R9RvrDiVEgPntzXhXVP3 invoke [1]
    Program log: Instruction: CreateGovernance
    Program 11111111111111111111111111111111 invoke [2]
    Program 11111111111111111111111111111111 success
    Program CaCJAg3ifFiGyVKYxZr4QwH2R9RvrDiVEgPntzXhXVP3 consumed 7765 of 200000 compute units
    Program CaCJAg3ifFiGyVKYxZr4QwH2R9RvrDiVEgPntzXhXVP3 success
Transaction executed in slot 74:
  Signature: 3HpGQ8PX756fmapFxyvUsFoYBCk1zLGxwX5hLPVUDzjXr8qfxY1BVeyrCrNbQaK7XfTZ4GeELCkvBsi796NdYRrJ
  Status: Ok
  Log Messages:
    Program CaCJAg3ifFiGyVKYxZr4QwH2R9RvrDiVEgPntzXhXVP3 invoke [1]
    Program log: Instruction: Join
    Program 11111111111111111111111111111111 invoke [2]
    Program 11111111111111111111111111111111 success
    Program CaCJAg3ifFiGyVKYxZr4QwH2R9RvrDiVEgPntzXhXVP3 consumed 7284 of 200000 compute units
    Program CaCJAg3ifFiGyVKYxZr4QwH2R9RvrDiVEgPntzXhXVP3 success
Transaction executed in slot 76:
  Signature: 5viu3W5oNNvVWmZAbp9sdiYKmhLPGsxKkEK1VUpiC89HdCySaRkUcM2xmGVP2rq2V7s3zvDDt7Hudtu3tfnYrwax
  Status: Ok
  Log Messages:
    Program CaCJAg3ifFiGyVKYxZr4QwH2R9RvrDiVEgPntzXhXVP3 invoke [1]
    Program log: Instruction: CreateProposal
    Program 11111111111111111111111111111111 invoke [2]
    Program 11111111111111111111111111111111 success
    Program CaCJAg3ifFiGyVKYxZr4QwH2R9RvrDiVEgPntzXhXVP3 consumed 10965 of 200000 compute units
    Program CaCJAg3ifFiGyVKYxZr4QwH2R9RvrDiVEgPntzXhXVP3 success
Transaction executed in slot 77:
  Signature: nvRRSNWdZKRwsaqTF2jxra5dTeDh8Zthzy5HbAewC5dqk8UzGQNUS52Htz9GgF3sd4DJn1TA4vN7VxmXN92bgNf
  Status: Ok
  Log Messages:
    Program CaCJAg3ifFiGyVKYxZr4QwH2R9RvrDiVEgPntzXhXVP3 invoke [1]
    Program log: Instruction: StartVote
    Program CaCJAg3ifFiGyVKYxZr4QwH2R9RvrDiVEgPntzXhXVP3 consumed 2528 of 200000 compute units
    Program CaCJAg3ifFiGyVKYxZr4QwH2R9RvrDiVEgPntzXhXVP3 success
Transaction executed in slot 78:
  Signature: 2v5oKpeNN5pjgShwDssLYLGGKiiKQPv1DMUfykWtY1741nwFum27kPquJ8966y5DU6CudtwRJQanXaSvhuUirfxT
  Status: Ok
  Log Messages:
    Program CaCJAg3ifFiGyVKYxZr4QwH2R9RvrDiVEgPntzXhXVP3 invoke [1]
    Program log: Instruction: CommitVote
    Program 11111111111111111111111111111111 invoke [2]
    Program 11111111111111111111111111111111 success
    Program CaCJAg3ifFiGyVKYxZr4QwH2R9RvrDiVEgPntzXhXVP3 consumed 12426 of 200000 compute units
    Program CaCJAg3ifFiGyVKYxZr4QwH2R9RvrDiVEgPntzXhXVP3 success
Transaction executed in slot 82:
  Signature: 3JyaPm4x4yTdJ2bbjv3PeDDjK7ZU9QdfXagGV7DQmGpCkMBdFWVtWHzN9TT7Bp294KCVKM59zkcp1RjFqEdCUrVf
  Status: Ok
  Log Messages:
    Program CaCJAg3ifFiGyVKYxZr4QwH2R9RvrDiVEgPntzXhXVP3 invoke [1]
    Program log: Instruction: RevealVote
    Program CaCJAg3ifFiGyVKYxZr4QwH2R9RvrDiVEgPntzXhXVP3 consumed 16579 of 200000 compute units
    Program CaCJAg3ifFiGyVKYxZr4QwH2R9RvrDiVEgPntzXhXVP3 success
Transaction executed in slot 83:
  Signature: 22GxXELjc2eqEHgEHhGstrE8Siqde3qBdQtytBGAvn5Tmi3j8gb2h5jM75MKpJN7d4baAEpu177vnw6S7xsBv6ig
  Status: Ok
  Log Messages:
    Program CaCJAg3ifFiGyVKYxZr4QwH2R9RvrDiVEgPntzXhXVP3 invoke [1]
    Program log: Instruction: CreateGovernance
    Program 11111111111111111111111111111111 invoke [2]
    Program 11111111111111111111111111111111 success
    Program CaCJAg3ifFiGyVKYxZr4QwH2R9RvrDiVEgPntzXhXVP3 consumed 7765 of 200000 compute units
    Program CaCJAg3ifFiGyVKYxZr4QwH2R9RvrDiVEgPntzXhXVP3 success
Transaction executed in slot 84:
  Signature: RYso9uJVfEj268ZdQkkUsWSWSjBU8utfogN77cZJeYgp8oMKPoW7oLPHH2TxTsvaeL7ZCojcFryuAqo2y2CKkQb
  Status: Ok
  Log Messages:
    Program CaCJAg3ifFiGyVKYxZr4QwH2R9RvrDiVEgPntzXhXVP3 invoke [1]
    Program log: Instruction: Join
    Program 11111111111111111111111111111111 invoke [2]
    Program 11111111111111111111111111111111 success
    Program CaCJAg3ifFiGyVKYxZr4QwH2R9RvrDiVEgPntzXhXVP3 consumed 8784 of 200000 compute units
    Program CaCJAg3ifFiGyVKYxZr4QwH2R9RvrDiVEgPntzXhXVP3 success
Transaction executed in slot 86:
  Signature: Y9brYmU6Snz1k7ab3wBrwo5qPVWhfrqzERSLX9kKNYjcfuU48WnRQkfv9cACZQFXDjhnmrVVmUaE55ca1HNPimE
  Status: Ok
  Log Messages:
    Program CaCJAg3ifFiGyVKYxZr4QwH2R9RvrDiVEgPntzXhXVP3 invoke [1]
    Program log: Instruction: CreateProposal
    Program 11111111111111111111111111111111 invoke [2]
    Program 11111111111111111111111111111111 success
    Program CaCJAg3ifFiGyVKYxZr4QwH2R9RvrDiVEgPntzXhXVP3 consumed 10965 of 200000 compute units
    Program CaCJAg3ifFiGyVKYxZr4QwH2R9RvrDiVEgPntzXhXVP3 success
Transaction executed in slot 87:
  Signature: 4u3TRNCnzjqeEmPYgW2yH7HjmKVpDBtfDeerjk54mSUSxj7GwzkpkfETMM6Tq69Lyr3btBULui5p4zVvDEt7xJMC
  Status: Ok
  Log Messages:
    Program CaCJAg3ifFiGyVKYxZr4QwH2R9RvrDiVEgPntzXhXVP3 invoke [1]
    Program log: Instruction: StartVote
    Program CaCJAg3ifFiGyVKYxZr4QwH2R9RvrDiVEgPntzXhXVP3 consumed 2528 of 200000 compute units
    Program CaCJAg3ifFiGyVKYxZr4QwH2R9RvrDiVEgPntzXhXVP3 success
